{"/home/vboxuser/Downloads/students-reco/healthcheck.js": {"path":"/home/vboxuser/Downloads/students-reco/healthcheck.js","statementMap":{"0":{"start":{"line":1,"column":13},"end":{"line":1,"column":28}},"1":{"start":{"line":3,"column":16},"end":{"line":8,"column":1}},"2":{"start":{"line":10,"column":16},"end":{"line":16,"column":2}},"3":{"start":{"line":11,"column":2},"end":{"line":15,"column":3}},"4":{"start":{"line":12,"column":4},"end":{"line":12,"column":20}},"5":{"start":{"line":14,"column":4},"end":{"line":14,"column":20}},"6":{"start":{"line":18,"column":0},"end":{"line":20,"column":3}},"7":{"start":{"line":19,"column":2},"end":{"line":19,"column":18}},"8":{"start":{"line":22,"column":0},"end":{"line":25,"column":3}},"9":{"start":{"line":23,"column":2},"end":{"line":23,"column":20}},"10":{"start":{"line":24,"column":2},"end":{"line":24,"column":18}},"11":{"start":{"line":27,"column":0},"end":{"line":27,"column":14}}},"fnMap":{"0":{"name":"(anonymous_0)","decl":{"start":{"line":10,"column":38},"end":{"line":10,"column":39}},"loc":{"start":{"line":10,"column":52},"end":{"line":16,"column":1}},"line":10},"1":{"name":"(anonymous_1)","decl":{"start":{"line":18,"column":20},"end":{"line":18,"column":21}},"loc":{"start":{"line":18,"column":26},"end":{"line":20,"column":1}},"line":18},"2":{"name":"(anonymous_2)","decl":{"start":{"line":22,"column":22},"end":{"line":22,"column":23}},"loc":{"start":{"line":22,"column":28},"end":{"line":25,"column":1}},"line":22}},"branchMap":{"0":{"loc":{"start":{"line":11,"column":2},"end":{"line":15,"column":3}},"type":"if","locations":[{"start":{"line":11,"column":2},"end":{"line":15,"column":3}},{"start":{"line":13,"column":9},"end":{"line":15,"column":3}}],"line":11}},"s":{"0":0,"1":0,"2":0,"3":0,"4":0,"5":0,"6":0,"7":0,"8":0,"9":0,"10":0,"11":0},"f":{"0":0,"1":0,"2":0},"b":{"0":[0,0]}}
,"/home/vboxuser/Downloads/students-reco/index.js": {"path":"/home/vboxuser/Downloads/students-reco/index.js","statementMap":{"0":{"start":{"line":1,"column":16},"end":{"line":1,"column":34}},"1":{"start":{"line":2,"column":14},"end":{"line":2,"column":39}},"2":{"start":{"line":3,"column":13},"end":{"line":3,"column":28}},"3":{"start":{"line":4,"column":19},"end":{"line":4,"column":41}},"4":{"start":{"line":5,"column":12},"end":{"line":5,"column":21}},"5":{"start":{"line":8,"column":0},"end":{"line":8,"column":51}},"6":{"start":{"line":9,"column":0},"end":{"line":9,"column":24}},"7":{"start":{"line":10,"column":0},"end":{"line":10,"column":34}},"8":{"start":{"line":13,"column":17},"end":{"line":18,"column":1}},"9":{"start":{"line":24,"column":2},"end":{"line":41,"column":3}},"10":{"start":{"line":25,"column":4},"end":{"line":25,"column":48}},"11":{"start":{"line":26,"column":4},"end":{"line":34,"column":7}},"12":{"start":{"line":36,"column":4},"end":{"line":36,"column":65}},"13":{"start":{"line":39,"column":4},"end":{"line":39,"column":56}},"14":{"start":{"line":40,"column":4},"end":{"line":40,"column":20}},"15":{"start":{"line":45,"column":0},"end":{"line":54,"column":3}},"16":{"start":{"line":46,"column":2},"end":{"line":53,"column":3}},"17":{"start":{"line":47,"column":23},"end":{"line":47,"column":90}},"18":{"start":{"line":48,"column":4},"end":{"line":48,"column":38}},"19":{"start":{"line":51,"column":4},"end":{"line":51,"column":53}},"20":{"start":{"line":52,"column":4},"end":{"line":52,"column":51}},"21":{"start":{"line":57,"column":0},"end":{"line":75,"column":3}},"22":{"start":{"line":58,"column":35},"end":{"line":58,"column":43}},"23":{"start":{"line":60,"column":2},"end":{"line":62,"column":3}},"24":{"start":{"line":61,"column":4},"end":{"line":61,"column":59}},"25":{"start":{"line":64,"column":2},"end":{"line":74,"column":3}},"26":{"start":{"line":65,"column":4},"end":{"line":68,"column":6}},"27":{"start":{"line":69,"column":4},"end":{"line":69,"column":22}},"28":{"start":{"line":72,"column":4},"end":{"line":72,"column":52}},"29":{"start":{"line":73,"column":4},"end":{"line":73,"column":50}},"30":{"start":{"line":78,"column":0},"end":{"line":80,"column":3}},"31":{"start":{"line":79,"column":2},"end":{"line":79,"column":78}},"32":{"start":{"line":82,"column":13},"end":{"line":82,"column":37}},"33":{"start":{"line":85,"column":2},"end":{"line":85,"column":17}},"34":{"start":{"line":88,"column":2},"end":{"line":88,"column":32}},"35":{"start":{"line":89,"column":2},"end":{"line":89,"column":50}},"36":{"start":{"line":91,"column":2},"end":{"line":94,"column":5}},"37":{"start":{"line":93,"column":4},"end":{"line":93,"column":50}},"38":{"start":{"line":97,"column":0},"end":{"line":97,"column":14}}},"fnMap":{"0":{"name":"initDB","decl":{"start":{"line":23,"column":15},"end":{"line":23,"column":21}},"loc":{"start":{"line":23,"column":24},"end":{"line":42,"column":1}},"line":23},"1":{"name":"(anonymous_1)","decl":{"start":{"line":45,"column":13},"end":{"line":45,"column":14}},"loc":{"start":{"line":45,"column":33},"end":{"line":54,"column":1}},"line":45},"2":{"name":"(anonymous_2)","decl":{"start":{"line":57,"column":25},"end":{"line":57,"column":26}},"loc":{"start":{"line":57,"column":45},"end":{"line":75,"column":1}},"line":57},"3":{"name":"(anonymous_3)","decl":{"start":{"line":78,"column":19},"end":{"line":78,"column":20}},"loc":{"start":{"line":78,"column":33},"end":{"line":80,"column":1}},"line":78},"4":{"name":"startServer","decl":{"start":{"line":84,"column":15},"end":{"line":84,"column":26}},"loc":{"start":{"line":84,"column":29},"end":{"line":95,"column":1}},"line":84},"5":{"name":"(anonymous_5)","decl":{"start":{"line":91,"column":19},"end":{"line":91,"column":20}},"loc":{"start":{"line":91,"column":25},"end":{"line":94,"column":3}},"line":91}},"branchMap":{"0":{"loc":{"start":{"line":14,"column":8},"end":{"line":14,"column":42}},"type":"binary-expr","locations":[{"start":{"line":14,"column":8},"end":{"line":14,"column":27}},{"start":{"line":14,"column":31},"end":{"line":14,"column":42}}],"line":14},"1":{"loc":{"start":{"line":15,"column":8},"end":{"line":15,"column":37}},"type":"binary-expr","locations":[{"start":{"line":15,"column":8},"end":{"line":15,"column":27}},{"start":{"line":15,"column":31},"end":{"line":15,"column":37}}],"line":15},"2":{"loc":{"start":{"line":16,"column":12},"end":{"line":16,"column":49}},"type":"binary-expr","locations":[{"start":{"line":16,"column":12},"end":{"line":16,"column":35}},{"start":{"line":16,"column":39},"end":{"line":16,"column":49}}],"line":16},"3":{"loc":{"start":{"line":17,"column":12},"end":{"line":17,"column":48}},"type":"binary-expr","locations":[{"start":{"line":17,"column":12},"end":{"line":17,"column":31}},{"start":{"line":17,"column":35},"end":{"line":17,"column":48}}],"line":17},"4":{"loc":{"start":{"line":60,"column":2},"end":{"line":62,"column":3}},"type":"if","locations":[{"start":{"line":60,"column":2},"end":{"line":62,"column":3}},{"start":{},"end":{}}],"line":60},"5":{"loc":{"start":{"line":60,"column":6},"end":{"line":60,"column":33}},"type":"binary-expr","locations":[{"start":{"line":60,"column":6},"end":{"line":60,"column":11}},{"start":{"line":60,"column":15},"end":{"line":60,"column":19}},{"start":{"line":60,"column":23},"end":{"line":60,"column":33}}],"line":60},"6":{"loc":{"start":{"line":82,"column":13},"end":{"line":82,"column":37}},"type":"binary-expr","locations":[{"start":{"line":82,"column":13},"end":{"line":82,"column":29}},{"start":{"line":82,"column":33},"end":{"line":82,"column":37}}],"line":82}},"s":{"0":0,"1":0,"2":0,"3":0,"4":0,"5":0,"6":0,"7":0,"8":0,"9":0,"10":0,"11":0,"12":0,"13":0,"14":0,"15":0,"16":0,"17":0,"18":0,"19":0,"20":0,"21":0,"22":0,"23":0,"24":0,"25":0,"26":0,"27":0,"28":0,"29":0,"30":0,"31":0,"32":0,"33":0,"34":0,"35":0,"36":0,"37":0,"38":0},"f":{"0":0,"1":0,"2":0,"3":0,"4":0,"5":0},"b":{"0":[0,0],"1":[0,0],"2":[0,0],"3":[0,0],"4":[0,0],"5":[0,0,0],"6":[0,0]}}
,"/home/vboxuser/Downloads/students-reco/jest-setup.js": {"path":"/home/vboxuser/Downloads/students-reco/jest-setup.js","statementMap":{"0":{"start":{"line":2,"column":0},"end":{"line":2,"column":30}},"1":{"start":{"line":3,"column":0},"end":{"line":3,"column":57}},"2":{"start":{"line":4,"column":0},"end":{"line":4,"column":52}},"3":{"start":{"line":5,"column":0},"end":{"line":5,"column":69}},"4":{"start":{"line":6,"column":0},"end":{"line":6,"column":64}},"5":{"start":{"line":7,"column":0},"end":{"line":7,"column":44}},"6":{"start":{"line":11,"column":0},"end":{"line":19,"column":2}},"7":{"start":{"line":22,"column":0},"end":{"line":22,"column":47}}},"fnMap":{},"branchMap":{"0":{"loc":{"start":{"line":3,"column":22},"end":{"line":3,"column":56}},"type":"binary-expr","locations":[{"start":{"line":3,"column":22},"end":{"line":3,"column":41}},{"start":{"line":3,"column":45},"end":{"line":3,"column":56}}],"line":3},"1":{"loc":{"start":{"line":4,"column":22},"end":{"line":4,"column":51}},"type":"binary-expr","locations":[{"start":{"line":4,"column":22},"end":{"line":4,"column":41}},{"start":{"line":4,"column":45},"end":{"line":4,"column":51}}],"line":4},"2":{"loc":{"start":{"line":5,"column":26},"end":{"line":5,"column":68}},"type":"binary-expr","locations":[{"start":{"line":5,"column":26},"end":{"line":5,"column":49}},{"start":{"line":5,"column":53},"end":{"line":5,"column":68}}],"line":5},"3":{"loc":{"start":{"line":6,"column":22},"end":{"line":6,"column":63}},"type":"binary-expr","locations":[{"start":{"line":6,"column":22},"end":{"line":6,"column":41}},{"start":{"line":6,"column":45},"end":{"line":6,"column":63}}],"line":6},"4":{"loc":{"start":{"line":7,"column":19},"end":{"line":7,"column":43}},"type":"binary-expr","locations":[{"start":{"line":7,"column":19},"end":{"line":7,"column":35}},{"start":{"line":7,"column":39},"end":{"line":7,"column":43}}],"line":7}},"s":{"0":0,"1":0,"2":0,"3":0,"4":0,"5":0,"6":0,"7":0},"f":{},"b":{"0":[0,0],"1":[0,0],"2":[0,0],"3":[0,0],"4":[0,0]}}
,"/home/vboxuser/Downloads/students-reco/server.js": {"path":"/home/vboxuser/Downloads/students-reco/server.js","statementMap":{"0":{"start":{"line":1,"column":0},"end":{"line":1,"column":27}},"1":{"start":{"line":2,"column":16},"end":{"line":2,"column":34}},"2":{"start":{"line":3,"column":14},"end":{"line":3,"column":39}},"3":{"start":{"line":4,"column":19},"end":{"line":4,"column":41}},"4":{"start":{"line":5,"column":12},"end":{"line":5,"column":21}},"5":{"start":{"line":8,"column":0},"end":{"line":8,"column":51}},"6":{"start":{"line":9,"column":0},"end":{"line":9,"column":34}},"7":{"start":{"line":12,"column":13},"end":{"line":20,"column":2}},"8":{"start":{"line":23,"column":0},"end":{"line":25,"column":3}},"9":{"start":{"line":24,"column":2},"end":{"line":24,"column":78}},"10":{"start":{"line":28,"column":0},"end":{"line":102,"column":3}},"11":{"start":{"line":29,"column":2},"end":{"line":101,"column":3}},"12":{"start":{"line":30,"column":23},"end":{"line":30,"column":49}},"13":{"start":{"line":31,"column":23},"end":{"line":31,"column":88}},"14":{"start":{"line":32,"column":4},"end":{"line":32,"column":25}},"15":{"start":{"line":34,"column":22},"end":{"line":34,"column":24}},"16":{"start":{"line":35,"column":4},"end":{"line":44,"column":7}},"17":{"start":{"line":36,"column":6},"end":{"line":43,"column":8}},"18":{"start":{"line":46,"column":17},"end":{"line":95,"column":5}},"19":{"start":{"line":96,"column":4},"end":{"line":96,"column":19}},"20":{"start":{"line":99,"column":4},"end":{"line":99,"column":53}},"21":{"start":{"line":100,"column":4},"end":{"line":100,"column":51}},"22":{"start":{"line":105,"column":0},"end":{"line":122,"column":3}},"23":{"start":{"line":106,"column":35},"end":{"line":106,"column":43}},"24":{"start":{"line":108,"column":2},"end":{"line":110,"column":3}},"25":{"start":{"line":109,"column":4},"end":{"line":109,"column":59}},"26":{"start":{"line":112,"column":2},"end":{"line":121,"column":3}},"27":{"start":{"line":113,"column":23},"end":{"line":113,"column":49}},"28":{"start":{"line":114,"column":4},"end":{"line":114,"column":115}},"29":{"start":{"line":115,"column":4},"end":{"line":115,"column":25}},"30":{"start":{"line":116,"column":4},"end":{"line":116,"column":22}},"31":{"start":{"line":119,"column":4},"end":{"line":119,"column":52}},"32":{"start":{"line":120,"column":4},"end":{"line":120,"column":49}},"33":{"start":{"line":125,"column":13},"end":{"line":125,"column":37}},"34":{"start":{"line":126,"column":0},"end":{"line":131,"column":1}},"35":{"start":{"line":127,"column":2},"end":{"line":130,"column":5}},"36":{"start":{"line":129,"column":4},"end":{"line":129,"column":62}},"37":{"start":{"line":133,"column":0},"end":{"line":133,"column":21}}},"fnMap":{"0":{"name":"(anonymous_0)","decl":{"start":{"line":23,"column":19},"end":{"line":23,"column":20}},"loc":{"start":{"line":23,"column":33},"end":{"line":25,"column":1}},"line":23},"1":{"name":"(anonymous_1)","decl":{"start":{"line":28,"column":13},"end":{"line":28,"column":14}},"loc":{"start":{"line":28,"column":33},"end":{"line":102,"column":1}},"line":28},"2":{"name":"(anonymous_2)","decl":{"start":{"line":35,"column":21},"end":{"line":35,"column":22}},"loc":{"start":{"line":35,"column":32},"end":{"line":44,"column":5}},"line":35},"3":{"name":"(anonymous_3)","decl":{"start":{"line":105,"column":25},"end":{"line":105,"column":26}},"loc":{"start":{"line":105,"column":45},"end":{"line":122,"column":1}},"line":105},"4":{"name":"(anonymous_4)","decl":{"start":{"line":127,"column":19},"end":{"line":127,"column":20}},"loc":{"start":{"line":127,"column":25},"end":{"line":130,"column":3}},"line":127}},"branchMap":{"0":{"loc":{"start":{"line":13,"column":8},"end":{"line":13,"column":42}},"type":"binary-expr","locations":[{"start":{"line":13,"column":8},"end":{"line":13,"column":27}},{"start":{"line":13,"column":31},"end":{"line":13,"column":42}}],"line":13},"1":{"loc":{"start":{"line":14,"column":8},"end":{"line":14,"column":37}},"type":"binary-expr","locations":[{"start":{"line":14,"column":8},"end":{"line":14,"column":27}},{"start":{"line":14,"column":31},"end":{"line":14,"column":37}}],"line":14},"2":{"loc":{"start":{"line":15,"column":12},"end":{"line":15,"column":49}},"type":"binary-expr","locations":[{"start":{"line":15,"column":12},"end":{"line":15,"column":35}},{"start":{"line":15,"column":39},"end":{"line":15,"column":49}}],"line":15},"3":{"loc":{"start":{"line":16,"column":12},"end":{"line":16,"column":48}},"type":"binary-expr","locations":[{"start":{"line":16,"column":12},"end":{"line":16,"column":31}},{"start":{"line":16,"column":35},"end":{"line":16,"column":48}}],"line":16},"4":{"loc":{"start":{"line":88,"column":18},"end":{"line":88,"column":81}},"type":"binary-expr","locations":[{"start":{"line":88,"column":18},"end":{"line":88,"column":29}},{"start":{"line":88,"column":33},"end":{"line":88,"column":81}}],"line":88},"5":{"loc":{"start":{"line":108,"column":2},"end":{"line":110,"column":3}},"type":"if","locations":[{"start":{"line":108,"column":2},"end":{"line":110,"column":3}},{"start":{},"end":{}}],"line":108},"6":{"loc":{"start":{"line":108,"column":6},"end":{"line":108,"column":33}},"type":"binary-expr","locations":[{"start":{"line":108,"column":6},"end":{"line":108,"column":11}},{"start":{"line":108,"column":15},"end":{"line":108,"column":19}},{"start":{"line":108,"column":23},"end":{"line":108,"column":33}}],"line":108},"7":{"loc":{"start":{"line":125,"column":13},"end":{"line":125,"column":37}},"type":"binary-expr","locations":[{"start":{"line":125,"column":13},"end":{"line":125,"column":29}},{"start":{"line":125,"column":33},"end":{"line":125,"column":37}}],"line":125},"8":{"loc":{"start":{"line":126,"column":0},"end":{"line":131,"column":1}},"type":"if","locations":[{"start":{"line":126,"column":0},"end":{"line":131,"column":1}},{"start":{},"end":{}}],"line":126}},"s":{"0":2,"1":2,"2":2,"3":2,"4":2,"5":2,"6":2,"7":2,"8":2,"9":1,"10":2,"11":0,"12":0,"13":0,"14":0,"15":0,"16":0,"17":0,"18":0,"19":0,"20":0,"21":0,"22":2,"23":0,"24":0,"25":0,"26":0,"27":0,"28":0,"29":0,"30":0,"31":0,"32":0,"33":2,"34":2,"35":0,"36":0,"37":2},"f":{"0":1,"1":0,"2":0,"3":0,"4":0},"b":{"0":[2,0],"1":[2,0],"2":[2,0],"3":[2,0],"4":[0,0],"5":[0,0],"6":[0,0,0],"7":[2,0],"8":[0,2]},"_coverageSchema":"1a1c01bbd47fc00a2c39e90264f33305004495a9","hash":"076f28185162def8edc5b56f7eb1a64f21b42fd6"}
}
