TN:
SF:healthcheck.js
FN:10,(anonymous_0)
FN:18,(anonymous_1)
FN:22,(anonymous_2)
FNF:3
FNH:0
FNDA:0,(anonymous_0)
FNDA:0,(anonymous_1)
FNDA:0,(anonymous_2)
DA:1,0
DA:3,0
DA:10,0
DA:11,0
DA:12,0
DA:14,0
DA:18,0
DA:19,0
DA:22,0
DA:23,0
DA:24,0
DA:27,0
LF:12
LH:0
BRDA:11,0,0,0
BRDA:11,0,1,0
BRF:2
BRH:0
end_of_record
TN:
SF:index.js
FN:23,initDB
FN:45,(anonymous_1)
FN:57,(anonymous_2)
FN:78,(anonymous_3)
FN:84,startServer
FN:91,(anonymous_5)
FNF:6
FNH:0
FNDA:0,initDB
FNDA:0,(anonymous_1)
FNDA:0,(anonymous_2)
FNDA:0,(anonymous_3)
FNDA:0,startServer
FNDA:0,(anonymous_5)
DA:1,0
DA:2,0
DA:3,0
DA:4,0
DA:5,0
DA:8,0
DA:9,0
DA:10,0
DA:13,0
DA:24,0
DA:25,0
DA:26,0
DA:36,0
DA:39,0
DA:40,0
DA:45,0
DA:46,0
DA:47,0
DA:48,0
DA:51,0
DA:52,0
DA:57,0
DA:58,0
DA:60,0
DA:61,0
DA:64,0
DA:65,0
DA:69,0
DA:72,0
DA:73,0
DA:78,0
DA:79,0
DA:82,0
DA:85,0
DA:88,0
DA:89,0
DA:91,0
DA:93,0
DA:97,0
LF:39
LH:0
BRDA:14,0,0,0
BRDA:14,0,1,0
BRDA:15,1,0,0
BRDA:15,1,1,0
BRDA:16,2,0,0
BRDA:16,2,1,0
BRDA:17,3,0,0
BRDA:17,3,1,0
BRDA:60,4,0,0
BRDA:60,4,1,0
BRDA:60,5,0,0
BRDA:60,5,1,0
BRDA:60,5,2,0
BRDA:82,6,0,0
BRDA:82,6,1,0
BRF:15
BRH:0
end_of_record
TN:
SF:jest-setup.js
FNF:0
FNH:0
DA:2,0
DA:3,0
DA:4,0
DA:5,0
DA:6,0
DA:7,0
DA:11,0
DA:22,0
LF:8
LH:0
BRDA:3,0,0,0
BRDA:3,0,1,0
BRDA:4,1,0,0
BRDA:4,1,1,0
BRDA:5,2,0,0
BRDA:5,2,1,0
BRDA:6,3,0,0
BRDA:6,3,1,0
BRDA:7,4,0,0
BRDA:7,4,1,0
BRF:10
BRH:0
end_of_record
TN:
SF:server.js
FN:23,(anonymous_0)
FN:28,(anonymous_1)
FN:35,(anonymous_2)
FN:105,(anonymous_3)
FN:127,(anonymous_4)
FNF:5
FNH:1
FNDA:1,(anonymous_0)
FNDA:0,(anonymous_1)
FNDA:0,(anonymous_2)
FNDA:0,(anonymous_3)
FNDA:0,(anonymous_4)
DA:1,2
DA:2,2
DA:3,2
DA:4,2
DA:5,2
DA:8,2
DA:9,2
DA:12,2
DA:23,2
DA:24,1
DA:28,2
DA:29,0
DA:30,0
DA:31,0
DA:32,0
DA:34,0
DA:35,0
DA:36,0
DA:46,0
DA:96,0
DA:99,0
DA:100,0
DA:105,2
DA:106,0
DA:108,0
DA:109,0
DA:112,0
DA:113,0
DA:114,0
DA:115,0
DA:116,0
DA:119,0
DA:120,0
DA:125,2
DA:126,2
DA:127,0
DA:129,0
DA:133,2
LF:38
LH:15
BRDA:13,0,0,2
BRDA:13,0,1,0
BRDA:14,1,0,2
BRDA:14,1,1,0
BRDA:15,2,0,2
BRDA:15,2,1,0
BRDA:16,3,0,2
BRDA:16,3,1,0
BRDA:88,4,0,0
BRDA:88,4,1,0
BRDA:108,5,0,0
BRDA:108,5,1,0
BRDA:108,6,0,0
BRDA:108,6,1,0
BRDA:108,6,2,0
BRDA:125,7,0,2
BRDA:125,7,1,0
BRDA:126,8,0,0
BRDA:126,8,1,2
BRF:19
BRH:6
end_of_record
